[08/Apr/2013 12:35:30] DEBUG [prov.persistence.models:239] Loaded PROV record: wasAttributedTo(ex:attr405, Facebook405:bundle, Richard 2013-04-08 11:03:21 UTC)
[08/Apr/2013 12:35:30] DEBUG [prov.persistence.models:239] Loaded PROV record: specializationOf(ex:specRichard 2013-04-08 11:03:21 UTC, ex:Richard 2013-04-08 11:03:21 UTC, Richard)
[08/Apr/2013 12:36:31] DEBUG [root:169] <MultiValueDict: {}>
[08/Apr/2013 12:36:31] DEBUG [prov.persistence.models:92] Saving namespaces...
[08/Apr/2013 12:36:31] DEBUG [prov.persistence.models:197] Saving bundle Facebook-406...
[08/Apr/2013 12:36:31] DEBUG [prov.persistence.models:148] Saving PROV record: entity(ex:Richard 2013-04-08 11:03:21 UTC)
[08/Apr/2013 12:36:31] DEBUG [prov.persistence.models:148] Saving PROV record: entity(Facebook406:bundle, [prov:type="prov:Bundle"])
[08/Apr/2013 12:36:32] DEBUG [prov.persistence.models:148] Saving PROV record: entity(Richard)
[08/Apr/2013 12:36:32] DEBUG [prov.persistence.models:148] Saving PROV record: bundle Facebook406:bundle
  entity(ex:ent406)
  entity(ex:entFacebook)
  activity(ex:download406, -, -, [endTime="2013-04-08T12:36:32", endTime="xsd:dateTime", prov:type="Download 406", startTime="2013-04-08T12:36:31", startTime="xsd:dateTime"])
  wasGeneratedBy(ex:gen406, ex:ent406, ex:download406, -)
  specializationOf(ex:spec406, ex:ent406, ex:entFacebook)
endBundle
[08/Apr/2013 12:36:32] DEBUG [prov.persistence.models:197] Saving bundle Facebook406:bundle...
[08/Apr/2013 12:36:32] DEBUG [prov.persistence.models:148] Saving PROV record: entity(ex:ent406)
[08/Apr/2013 12:36:32] DEBUG [prov.persistence.models:148] Saving PROV record: entity(ex:entFacebook)
[08/Apr/2013 12:36:32] DEBUG [prov.persistence.models:148] Saving PROV record: activity(ex:download406, -, -, [endTime="2013-04-08T12:36:32", endTime="xsd:dateTime", prov:type="Download 406", startTime="2013-04-08T12:36:31", startTime="xsd:dateTime"])
[08/Apr/2013 12:36:32] DEBUG [prov.persistence.models:148] Saving PROV record: wasGeneratedBy(ex:gen406, ex:ent406, ex:download406, -)
[08/Apr/2013 12:36:32] DEBUG [prov.persistence.models:148] Saving PROV record: specializationOf(ex:spec406, ex:ent406, ex:entFacebook)
[08/Apr/2013 12:36:32] DEBUG [prov.persistence.models:148] Saving PROV record: wasAttributedTo(ex:attr406, Facebook406:bundle, Richard 2013-04-08 11:03:21 UTC)
[08/Apr/2013 12:36:32] DEBUG [prov.persistence.models:148] Saving PROV record: // agent(Richard 2013-04-08 11:03:21 UTC)
[08/Apr/2013 12:36:32] DEBUG [prov.persistence.models:148] Saving PROV record: specializationOf(ex:specRichard 2013-04-08 11:03:21 UTC, ex:Richard 2013-04-08 11:03:21 UTC, Richard)
[08/Apr/2013 12:36:34] DEBUG [prov.persistence.models:109] Loading bundle id Facebook-406
[08/Apr/2013 12:36:34] DEBUG [prov.persistence.models:239] Loaded PROV record: entity(ex:Richard 2013-04-08 11:03:21 UTC)
[08/Apr/2013 12:36:34] DEBUG [prov.persistence.models:239] Loaded PROV record: entity(Facebook406:bundle, [prov:type="prov:Bundle"])
[08/Apr/2013 12:36:34] DEBUG [prov.persistence.models:239] Loaded PROV record: entity(Richard)
[08/Apr/2013 12:36:34] DEBUG [prov.persistence.models:235] Loading records for bundle Facebook406:bundle
endBundle
[08/Apr/2013 12:36:34] DEBUG [prov.persistence.models:239] Loaded PROV record: entity(ex:ent406)
[08/Apr/2013 12:36:34] DEBUG [prov.persistence.models:239] Loaded PROV record: activity(ex:download406, -, -, [endTime="2013-04-08T12:36:32", endTime="xsd:dateTime", prov:type="Download 406", startTime="2013-04-08T12:36:31", startTime="xsd:dateTime"])
[08/Apr/2013 12:36:34] DEBUG [prov.persistence.models:239] Loaded PROV record: wasGeneratedBy(ex:gen406, ex:ent406, ex:download406, -)
[08/Apr/2013 12:36:34] DEBUG [prov.persistence.models:239] Loaded PROV record: entity(ex:entFacebook)
[08/Apr/2013 12:36:34] DEBUG [prov.persistence.models:239] Loaded PROV record: specializationOf(ex:spec406, ex:ent406, ex:entFacebook)
[08/Apr/2013 12:36:34] DEBUG [prov.persistence.models:239] Loaded PROV record: bundle Facebook406:bundle
  entity(ex:ent406)
  activity(ex:download406, -, -, [endTime="2013-04-08T12:36:32", endTime="xsd:dateTime", prov:type="Download 406", startTime="2013-04-08T12:36:31", startTime="xsd:dateTime"])
  wasGeneratedBy(ex:gen406, ex:ent406, ex:download406, -)
  entity(ex:entFacebook)
  specializationOf(ex:spec406, ex:ent406, ex:entFacebook)
endBundle
[08/Apr/2013 12:36:34] DEBUG [prov.persistence.models:239] Loaded PROV record: // agent(Richard 2013-04-08 11:03:21 UTC)
[08/Apr/2013 12:36:34] DEBUG [prov.persistence.models:239] Loaded PROV record: wasAttributedTo(ex:attr406, Facebook406:bundle, Richard 2013-04-08 11:03:21 UTC)
[08/Apr/2013 12:36:34] DEBUG [prov.persistence.models:239] Loaded PROV record: specializationOf(ex:specRichard 2013-04-08 11:03:21 UTC, ex:Richard 2013-04-08 11:03:21 UTC, Richard)
[08/Apr/2013 12:36:42] DEBUG [prov.persistence.models:109] Loading bundle id Facebook-406
[08/Apr/2013 12:36:42] DEBUG [prov.persistence.models:239] Loaded PROV record: entity(ex:Richard 2013-04-08 11:03:21 UTC)
[08/Apr/2013 12:36:42] DEBUG [prov.persistence.models:239] Loaded PROV record: entity(Facebook406:bundle, [prov:type="prov:Bundle"])
[08/Apr/2013 12:36:42] DEBUG [prov.persistence.models:239] Loaded PROV record: entity(Richard)
[08/Apr/2013 12:36:42] DEBUG [prov.persistence.models:235] Loading records for bundle Facebook406:bundle
endBundle
[08/Apr/2013 12:36:43] DEBUG [prov.persistence.models:239] Loaded PROV record: entity(ex:ent406)
[08/Apr/2013 12:36:43] DEBUG [prov.persistence.models:239] Loaded PROV record: activity(ex:download406, -, -, [endTime="2013-04-08T12:36:32", endTime="xsd:dateTime", prov:type="Download 406", startTime="2013-04-08T12:36:31", startTime="xsd:dateTime"])
[08/Apr/2013 12:36:43] DEBUG [prov.persistence.models:239] Loaded PROV record: wasGeneratedBy(ex:gen406, ex:ent406, ex:download406, -)
[08/Apr/2013 12:36:43] DEBUG [prov.persistence.models:239] Loaded PROV record: entity(ex:entFacebook)
[08/Apr/2013 12:36:43] DEBUG [prov.persistence.models:239] Loaded PROV record: specializationOf(ex:spec406, ex:ent406, ex:entFacebook)
[08/Apr/2013 12:36:43] DEBUG [prov.persistence.models:239] Loaded PROV record: bundle Facebook406:bundle
  entity(ex:ent406)
  activity(ex:download406, -, -, [endTime="2013-04-08T12:36:32", endTime="xsd:dateTime", prov:type="Download 406", startTime="2013-04-08T12:36:31", startTime="xsd:dateTime"])
  wasGeneratedBy(ex:gen406, ex:ent406, ex:download406, -)
  entity(ex:entFacebook)
  specializationOf(ex:spec406, ex:ent406, ex:entFacebook)
endBundle
[08/Apr/2013 12:36:43] DEBUG [prov.persistence.models:239] Loaded PROV record: // agent(Richard 2013-04-08 11:03:21 UTC)
[08/Apr/2013 12:36:43] DEBUG [prov.persistence.models:239] Loaded PROV record: wasAttributedTo(ex:attr406, Facebook406:bundle, Richard 2013-04-08 11:03:21 UTC)
[08/Apr/2013 12:36:43] DEBUG [prov.persistence.models:239] Loaded PROV record: specializationOf(ex:specRichard 2013-04-08 11:03:21 UTC, ex:Richard 2013-04-08 11:03:21 UTC, Richard)
[08/Apr/2013 12:37:16] DEBUG [root:169] <MultiValueDict: {}>
[08/Apr/2013 12:37:17] DEBUG [prov.persistence.models:92] Saving namespaces...
[08/Apr/2013 12:37:17] DEBUG [prov.persistence.models:197] Saving bundle Facebook-407...
[08/Apr/2013 12:37:17] DEBUG [prov.persistence.models:148] Saving PROV record: entity(ex:Richard2013-04-08T11:03:21)
[08/Apr/2013 12:37:17] DEBUG [prov.persistence.models:148] Saving PROV record: entity(Facebook407:bundle, [prov:type="prov:Bundle"])
[08/Apr/2013 12:37:17] DEBUG [prov.persistence.models:148] Saving PROV record: entity(Richard)
[08/Apr/2013 12:37:17] DEBUG [prov.persistence.models:148] Saving PROV record: bundle Facebook407:bundle
  entity(ex:ent407)
  entity(ex:entFacebook)
  activity(ex:download407, -, -, [endTime="2013-04-08T12:37:17", endTime="xsd:dateTime", prov:type="Download 407", startTime="2013-04-08T12:37:16", startTime="xsd:dateTime"])
  wasGeneratedBy(ex:gen407, ex:ent407, ex:download407, -)
  specializationOf(ex:spec407, ex:ent407, ex:entFacebook)
endBundle
[08/Apr/2013 12:37:17] DEBUG [prov.persistence.models:197] Saving bundle Facebook407:bundle...
[08/Apr/2013 12:37:17] DEBUG [prov.persistence.models:148] Saving PROV record: entity(ex:ent407)
[08/Apr/2013 12:37:17] DEBUG [prov.persistence.models:148] Saving PROV record: entity(ex:entFacebook)
[08/Apr/2013 12:37:17] DEBUG [prov.persistence.models:148] Saving PROV record: activity(ex:download407, -, -, [endTime="2013-04-08T12:37:17", endTime="xsd:dateTime", prov:type="Download 407", startTime="2013-04-08T12:37:16", startTime="xsd:dateTime"])
[08/Apr/2013 12:37:17] DEBUG [prov.persistence.models:148] Saving PROV record: wasGeneratedBy(ex:gen407, ex:ent407, ex:download407, -)
[08/Apr/2013 12:37:17] DEBUG [prov.persistence.models:148] Saving PROV record: specializationOf(ex:spec407, ex:ent407, ex:entFacebook)
[08/Apr/2013 12:37:17] DEBUG [prov.persistence.models:148] Saving PROV record: wasAttributedTo(ex:attr407, Facebook407:bundle, Richard2013-04-08T11:03:21)
[08/Apr/2013 12:37:17] DEBUG [prov.persistence.models:148] Saving PROV record: // agent(Richard2013-04-08T11:03:21)
[08/Apr/2013 12:37:17] DEBUG [prov.persistence.models:148] Saving PROV record: specializationOf(ex:specRichard2013-04-08T11:03:21, ex:Richard2013-04-08T11:03:21, Richard)
[08/Apr/2013 12:37:24] DEBUG [prov.persistence.models:109] Loading bundle id Facebook-407
[08/Apr/2013 12:37:24] DEBUG [prov.persistence.models:239] Loaded PROV record: entity(ex:Richard2013-04-08T11:03:21)
[08/Apr/2013 12:37:24] DEBUG [prov.persistence.models:239] Loaded PROV record: entity(Facebook407:bundle, [prov:type="prov:Bundle"])
[08/Apr/2013 12:37:24] DEBUG [prov.persistence.models:239] Loaded PROV record: entity(Richard)
[08/Apr/2013 12:37:24] DEBUG [prov.persistence.models:235] Loading records for bundle Facebook407:bundle
endBundle
[08/Apr/2013 12:37:24] DEBUG [prov.persistence.models:239] Loaded PROV record: entity(ex:ent407)
[08/Apr/2013 12:37:24] DEBUG [prov.persistence.models:239] Loaded PROV record: activity(ex:download407, -, -, [endTime="2013-04-08T12:37:17", endTime="xsd:dateTime", prov:type="Download 407", startTime="2013-04-08T12:37:16", startTime="xsd:dateTime"])
[08/Apr/2013 12:37:24] DEBUG [prov.persistence.models:239] Loaded PROV record: wasGeneratedBy(ex:gen407, ex:ent407, ex:download407, -)
[08/Apr/2013 12:37:24] DEBUG [prov.persistence.models:239] Loaded PROV record: entity(ex:entFacebook)
[08/Apr/2013 12:37:24] DEBUG [prov.persistence.models:239] Loaded PROV record: specializationOf(ex:spec407, ex:ent407, ex:entFacebook)
[08/Apr/2013 12:37:24] DEBUG [prov.persistence.models:239] Loaded PROV record: bundle Facebook407:bundle
  entity(ex:ent407)
  activity(ex:download407, -, -, [endTime="2013-04-08T12:37:17", endTime="xsd:dateTime", prov:type="Download 407", startTime="2013-04-08T12:37:16", startTime="xsd:dateTime"])
  wasGeneratedBy(ex:gen407, ex:ent407, ex:download407, -)
  entity(ex:entFacebook)
  specializationOf(ex:spec407, ex:ent407, ex:entFacebook)
endBundle
[08/Apr/2013 12:37:24] DEBUG [prov.persistence.models:239] Loaded PROV record: // agent(Richard2013-04-08T11:03:21)
[08/Apr/2013 12:37:24] DEBUG [prov.persistence.models:239] Loaded PROV record: wasAttributedTo(ex:attr407, Facebook407:bundle, Richard2013-04-08T11:03:21)
[08/Apr/2013 12:37:24] DEBUG [prov.persistence.models:239] Loaded PROV record: specializationOf(ex:specRichard2013-04-08T11:03:21, ex:Richard2013-04-08T11:03:21, Richard)
[08/Apr/2013 12:37:26] DEBUG [prov.persistence.models:109] Loading bundle id Facebook-407
[08/Apr/2013 12:37:26] DEBUG [prov.persistence.models:239] Loaded PROV record: entity(ex:Richard2013-04-08T11:03:21)
[08/Apr/2013 12:37:26] DEBUG [prov.persistence.models:239] Loaded PROV record: entity(Facebook407:bundle, [prov:type="prov:Bundle"])
[08/Apr/2013 12:37:26] DEBUG [prov.persistence.models:239] Loaded PROV record: entity(Richard)
[08/Apr/2013 12:37:26] DEBUG [prov.persistence.models:235] Loading records for bundle Facebook407:bundle
endBundle
[08/Apr/2013 12:37:27] DEBUG [prov.persistence.models:239] Loaded PROV record: entity(ex:ent407)
[08/Apr/2013 12:37:27] DEBUG [prov.persistence.models:239] Loaded PROV record: activity(ex:download407, -, -, [endTime="2013-04-08T12:37:17", endTime="xsd:dateTime", prov:type="Download 407", startTime="2013-04-08T12:37:16", startTime="xsd:dateTime"])
[08/Apr/2013 12:37:27] DEBUG [prov.persistence.models:239] Loaded PROV record: wasGeneratedBy(ex:gen407, ex:ent407, ex:download407, -)
[08/Apr/2013 12:37:27] DEBUG [prov.persistence.models:239] Loaded PROV record: entity(ex:entFacebook)
[08/Apr/2013 12:37:27] DEBUG [prov.persistence.models:239] Loaded PROV record: specializationOf(ex:spec407, ex:ent407, ex:entFacebook)
[08/Apr/2013 12:37:27] DEBUG [prov.persistence.models:239] Loaded PROV record: bundle Facebook407:bundle
  entity(ex:ent407)
  activity(ex:download407, -, -, [endTime="2013-04-08T12:37:17", endTime="xsd:dateTime", prov:type="Download 407", startTime="2013-04-08T12:37:16", startTime="xsd:dateTime"])
  wasGeneratedBy(ex:gen407, ex:ent407, ex:download407, -)
  entity(ex:entFacebook)
  specializationOf(ex:spec407, ex:ent407, ex:entFacebook)
endBundle
[08/Apr/2013 12:37:27] DEBUG [prov.persistence.models:239] Loaded PROV record: // agent(Richard2013-04-08T11:03:21)
[08/Apr/2013 12:37:27] DEBUG [prov.persistence.models:239] Loaded PROV record: wasAttributedTo(ex:attr407, Facebook407:bundle, Richard2013-04-08T11:03:21)
[08/Apr/2013 12:37:27] DEBUG [prov.persistence.models:239] Loaded PROV record: specializationOf(ex:specRichard2013-04-08T11:03:21, ex:Richard2013-04-08T11:03:21, Richard)
